#
# A fatal error has been detected by the Java Runtime Environment:
#
#  SIGSEGV (0xb) at pc=0x000000012de7b9d4, pid=1418, tid=0x0000000000001c03
#
# JRE version: Java(TM) SE Runtime Environment (8.0_131-b11) (build 1.8.0_131-b11)
# Java VM: Java HotSpot(TM) 64-Bit Server VM (25.131-b11 mixed mode bsd-amd64 compressed oops)
# Problematic frame:
# C  [libvlccore.8.dylib+0x3c9d4]  vlc_getopt_long+0xd4
#
# Failed to write core dump. Core dumps have been disabled. To enable core dumping, try "ulimit -c unlimited" before starting Java again
#
# If you would like to submit a bug report, please visit:
#   http://bugreport.java.com/bugreport/crash.jsp
# The crash happened outside the Java Virtual Machine in native code.
# See problematic frame for where to report the bug.
#

---------------  T H R E A D  ---------------

Current thread (0x00007fe3f2001800):  JavaThread "main" [_thread_in_native, id=7171, stack(0x000070000901a000,0x000070000911a000)]

siginfo: si_signo: 11 (SIGSEGV), si_code: 1 (SEGV_MAPERR), si_addr: 0x0000000000000000

Registers:
RAX=0x0000000000000000, RBX=0x0000700009116b88, RCX=0x0000000000000001, RDX=0x00007fe3f199ae00
RSP=0x0000700009116a90, RBP=0x00007fe3f19d0600, RSI=0x00007fe3ef489fb0, RDI=0x0000000000000002
R8 =0x00007000091173bc, R9 =0x0000700009116b88, R10=0x00007fe3ef400000, R11=0x0000000000001400
R12=0x0000000000000001, R13=0x0000700009116b98, R14=0x0000000000000002, R15=0x00007fe3ef489fb0
RIP=0x000000012de7b9d4, EFLAGS=0x0000000000010297, ERR=0x0000000000000004
  TRAPNO=0x000000000000000e

Top of Stack: (sp=0x0000700009116a90)
0x0000700009116a90:   00007fff941ab000 0000000000000007
0x0000700009116aa0:   00007000091173bc 00007fff8b4ef2da
0x0000700009116ab0:   00007fe3f199ae00 0000000000000007
0x0000700009116ac0:   00007fe3ef489f90 00007000091173b8
0x0000700009116ad0:   0000000106128000 00007fff8b4f0e84
0x0000700009116ae0:   000000010612ba00 00007fe3ef489fa0
0x0000700009116af0:   00007fe3ef400000 00007fe3f19d0600
0x0000700009116b00:   00007fe3ef6d1428 00007fe3ef489fa0
0x0000700009116b10:   00007fe3f1a12d60 00007000091173b8
0x0000700009116b20:   0000700009116ba8 000000012de7b55e
0x0000700009116b30:   0000700009116b70 00007fe3ef489fb0
0x0000700009116b40:   00007fe3ef6d1428 0000000000000000
0x0000700009116b50:   0000000000000001 00007fe3ef489fa0
0x0000700009116b60:   0000000000000000 000000020f3c1a77
0x0000700009116b70:   00007fe3ef489fb0 0000000098f9be98
0x0000700009116b80:   00007fe3f199ae00 0000000000000000
0x0000700009116b90:   0000000100000001 0000000000000000
0x0000700009116ba0:   0000000100000001 00007fe3ef491aa0
0x0000700009116bb0:   0000000000000000 0000000000000000
0x0000700009116bc0:   0000000000000000 0000000000000000
0x0000700009116bd0:   0000000000000000 0000000000000000
0x0000700009116be0:   0000000000000000 0000000000000000
0x0000700009116bf0:   0000000000000000 0000000000000000
0x0000700009116c00:   0000000000000000 0000000000000000
0x0000700009116c10:   0000000000000000 0000000000000000
0x0000700009116c20:   0000000000000000 0000000000000000
0x0000700009116c30:   0000000000000000 0000000000000000
0x0000700009116c40:   0000000000000000 0000000000000000
0x0000700009116c50:   0000000000000000 0000000000000000
0x0000700009116c60:   0000000000000000 0000000000000000
0x0000700009116c70:   0000000000000000 0000000000000000
0x0000700009116c80:   0000000000000000 0000000000000000 

Instructions: (pc=0x000000012de7b9d4)
0x000000012de7b9b4:   89 de e8 e5 f3 04 00 44 8b 63 08 45 39 f4 7d 27
0x000000012de7b9c4:   4d 63 e4 66 0f 1f 84 00 00 00 00 00 4b 8b 04 e7
0x000000012de7b9d4:   80 38 2d 75 06 80 78 01 00 75 0c 49 ff c4 44 89
0x000000012de7b9e4:   63 08 45 39 f4 7c e5 44 89 63 1c 45 39 f4 0f 84 

Register to memory mapping:

RAX=0x0000000000000000 is an unknown value
RBX=0x0000700009116b88 is pointing into the stack for thread: 0x00007fe3f2001800
RCX=0x0000000000000001 is an unknown value
RDX=0x00007fe3f199ae00 is an unknown value
RSP=0x0000700009116a90 is pointing into the stack for thread: 0x00007fe3f2001800
RBP=0x00007fe3f19d0600 is an unknown value
RSI=0x00007fe3ef489fb0 is an unknown value
RDI=0x0000000000000002 is an unknown value
R8 =0x00007000091173bc is pointing into the stack for thread: 0x00007fe3f2001800
R9 =0x0000700009116b88 is pointing into the stack for thread: 0x00007fe3f2001800
R10=0x00007fe3ef400000 is an unknown value
R11=0x0000000000001400 is an unknown value
R12=0x0000000000000001 is an unknown value
R13=0x0000700009116b98 is pointing into the stack for thread: 0x00007fe3f2001800
R14=0x0000000000000002 is an unknown value
R15=0x00007fe3ef489fb0 is an unknown value


Stack: [0x000070000901a000,0x000070000911a000],  sp=0x0000700009116a90,  free space=1010k
Native frames: (J=compiled Java code, j=interpreted, Vv=VM code, C=native code)
C  [libvlccore.8.dylib+0x3c9d4]  vlc_getopt_long+0xd4

Java frames: (J=compiled Java code, j=interpreted, Vv=VM code)
j  com.sun.jna.Native.invokePointer(JI[Ljava/lang/Object;)J+0
j  com.sun.jna.Function.invokePointer(I[Ljava/lang/Object;)Lcom/sun/jna/Pointer;+6
j  com.sun.jna.Function.invoke([Ljava/lang/Object;Ljava/lang/Class;Z)Ljava/lang/Object;+426
j  com.sun.jna.Function.invoke(Ljava/lang/Class;[Ljava/lang/Object;Ljava/util/Map;)Ljava/lang/Object;+262
j  com.sun.jna.Library$Handler.invoke(Ljava/lang/Object;Ljava/lang/reflect/Method;[Ljava/lang/Object;)Ljava/lang/Object;+316
j  com.sun.proxy.$Proxy0.libvlc_new(I[Ljava/lang/String;)Luk/co/caprica/vlcj/binding/internal/libvlc_instance_t;+23
j  uk.co.caprica.vlcj.player.MediaPlayerFactory.<init>(Luk/co/caprica/vlcj/binding/LibVlc;[Ljava/lang/String;)V+70
j  uk.co.caprica.vlcj.player.MediaPlayerFactory.<init>([Ljava/lang/String;)V+13
j  javafxapplication1.DirectTestPlayer.<init>(Ljava/lang/String;[Ljava/lang/String;)V+65
j  ExRtmpDesktopPublisher.main([Ljava/lang/String;)V+18
v  ~StubRoutines::call_stub
j  sun.reflect.NativeMethodAccessorImpl.invoke0(Ljava/lang/reflect/Method;Ljava/lang/Object;[Ljava/lang/Object;)Ljava/lang/Object;+0
j  sun.reflect.NativeMethodAccessorImpl.invoke(Ljava/lang/Object;[Ljava/lang/Object;)Ljava/lang/Object;+100
j  sun.reflect.DelegatingMethodAccessorImpl.invoke(Ljava/lang/Object;[Ljava/lang/Object;)Ljava/lang/Object;+6
j  java.lang.reflect.Method.invoke(Ljava/lang/Object;[Ljava/lang/Object;)Ljava/lang/Object;+56
j  com.sun.javafx.application.LauncherImpl.launchApplicationWithArgs(Ljava/lang/String;Ljava/lang/String;[Ljava/lang/String;)V+154
j  com.sun.javafx.application.LauncherImpl.launchApplication(Ljava/lang/String;Ljava/lang/String;[Ljava/lang/String;)V+409
v  ~StubRoutines::call_stub
j  sun.reflect.NativeMethodAccessorImpl.invoke0(Ljava/lang/reflect/Method;Ljava/lang/Object;[Ljava/lang/Object;)Ljava/lang/Object;+0
j  sun.reflect.NativeMethodAccessorImpl.invoke(Ljava/lang/Object;[Ljava/lang/Object;)Ljava/lang/Object;+100
j  sun.reflect.DelegatingMethodAccessorImpl.invoke(Ljava/lang/Object;[Ljava/lang/Object;)Ljava/lang/Object;+6
j  java.lang.reflect.Method.invoke(Ljava/lang/Object;[Ljava/lang/Object;)Ljava/lang/Object;+56
j  sun.launcher.LauncherHelper$FXHelper.main([Ljava/lang/String;)V+52
v  ~StubRoutines::call_stub

---------------  P R O C E S S  ---------------

Java Threads: ( => current thread )
  0x00007fe3f01d8000 JavaThread "Image Fetcher 0" daemon [_thread_blocked, id=66307, stack(0x000070000ac77000,0x000070000ad77000)]
  0x00007fe3f22c8000 JavaThread "AWT-EventQueue-0" [_thread_in_native, id=65291, stack(0x000070000ab74000,0x000070000ac74000)]
  0x00007fe3f01c9000 JavaThread "AWT-Shutdown" [_thread_blocked, id=58375, stack(0x000070000aa71000,0x000070000ab71000)]
  0x00007fe3f22c6800 JavaThread "Java2D Disposer" daemon [_thread_blocked, id=61451, stack(0x000070000a96e000,0x000070000aa6e000)]
  0x00007fe3f0157800 JavaThread "Java2D Queue Flusher" daemon [_thread_blocked, id=56327, stack(0x000070000a65f000,0x000070000a75f000)]
  0x00007fe3f0144800 JavaThread "Thread-3" daemon [_thread_in_native, id=41219, stack(0x000070000a559000,0x000070000a5d9000)]
  0x00007fe3ef89f000 JavaThread "JavaFX Application Thread" [_thread_in_native, id=775, stack(0x00007fff592f4000,0x00007fff59af4000)]
  0x00007fe3f0124000 JavaThread "Thread-1" daemon [_thread_blocked, id=28675, stack(0x000070000a456000,0x000070000a556000)]
  0x00007fe3ef891000 JavaThread "QuantumRenderer-0" daemon [_thread_blocked, id=22275, stack(0x000070000a353000,0x000070000a453000)]
  0x00007fe3f1811000 JavaThread "Service Thread" daemon [_thread_blocked, id=21251, stack(0x000070000a14d000,0x000070000a24d000)]
  0x00007fe3f0027000 JavaThread "C1 CompilerThread3" daemon [_thread_blocked, id=20739, stack(0x000070000a04a000,0x000070000a14a000)]
  0x00007fe3f181d000 JavaThread "C2 CompilerThread2" daemon [_thread_in_native, id=20227, stack(0x0000700009f47000,0x000070000a047000)]
  0x00007fe3ef803000 JavaThread "C2 CompilerThread1" daemon [_thread_in_native, id=19715, stack(0x0000700009e44000,0x0000700009f44000)]
  0x00007fe3f202e800 JavaThread "C2 CompilerThread0" daemon [_thread_in_native, id=19203, stack(0x0000700009d41000,0x0000700009e41000)]
  0x00007fe3f2036000 JavaThread "Signal Dispatcher" daemon [_thread_blocked, id=18691, stack(0x0000700009c3e000,0x0000700009d3e000)]
  0x00007fe3f000e000 JavaThread "Finalizer" daemon [_thread_blocked, id=14595, stack(0x0000700009b3b000,0x0000700009c3b000)]
  0x00007fe3f0009000 JavaThread "Reference Handler" daemon [_thread_blocked, id=14083, stack(0x0000700009a38000,0x0000700009b38000)]
=>0x00007fe3f2001800 JavaThread "main" [_thread_in_native, id=7171, stack(0x000070000901a000,0x000070000911a000)]

Other Threads:
  0x00007fe3f2059800 VMThread [stack: 0x0000700009935000,0x0000700009a35000] [id=13571]
  0x00007fe3f202f800 WatcherThread [stack: 0x000070000a250000,0x000070000a350000] [id=21763]

VM state:not at safepoint (normal execution)

VM Mutex/Monitor currently owned by a thread: None

Heap:
 PSYoungGen      total 76288K, used 24082K [0x000000076ab00000, 0x0000000770000000, 0x00000007c0000000)
  eden space 65536K, 36% used [0x000000076ab00000,0x000000076c284990,0x000000076eb00000)
  from space 10752K, 0% used [0x000000076f580000,0x000000076f580000,0x0000000770000000)
  to   space 10752K, 0% used [0x000000076eb00000,0x000000076eb00000,0x000000076f580000)
 ParOldGen       total 175104K, used 0K [0x00000006c0000000, 0x00000006cab00000, 0x000000076ab00000)
  object space 175104K, 0% used [0x00000006c0000000,0x00000006c0000000,0x00000006cab00000)
 Metaspace       used 12865K, capacity 13258K, committed 13568K, reserved 1060864K
  class space    used 1555K, capacity 1684K, committed 1792K, reserved 1048576K

Card table byte_map: [0x0000000108574000,0x0000000108d75000] byte_map_base: 0x0000000104f74000

Marking Bits: (ParMarkBitMap*) 0x0000000107af1ea0
 Begin Bits: [0x000000011e43b000, 0x000000012243b000)
 End Bits:   [0x000000012243b000, 0x000000012643b000)

Polling page: 0x00000001061fe000

CodeCache: size=245760Kb used=2871Kb max_used=2882Kb free=242888Kb
 bounds [0x000000010f43b000, 0x000000010f71b000, 0x000000011e43b000]
 total_blobs=1319 nmethods=735 adapters=498
 compilation: enabled

Compilation events (10 events):
Event: 0.710 Thread 0x00007fe3f0027000  736       3       java.lang.Class::checkMemberAccess (49 bytes)
Event: 0.710 Thread 0x00007fe3f0027000 nmethod 736 0x000000010f706350 code [0x000000010f706500, 0x000000010f706a58]
Event: 0.710 Thread 0x00007fe3f0027000  735       3       java.lang.Class::privateGetDeclaredMethods (67 bytes)
Event: 0.711 Thread 0x00007fe3f0027000 nmethod 735 0x000000010f705490 code [0x000000010f7056a0, 0x000000010f705fc8]
Event: 0.711 Thread 0x00007fe3f0027000  737       3       java.lang.Class$MethodArray::<init> (38 bytes)
Event: 0.711 Thread 0x00007fe3f0027000 nmethod 737 0x000000010f704e90 code [0x000000010f705020, 0x000000010f705388]
Event: 0.711 Thread 0x00007fe3f202e800 nmethod 711 0x000000010f70c6d0 code [0x000000010f70c840, 0x000000010f70cb08]
Event: 0.711 Thread 0x00007fe3f202e800  705       4       sun.misc.ProxyGenerator$ConstantPool::getIndirect (67 bytes)
Event: 0.714 Thread 0x00007fe3f0027000  738       1       java.nio.Buffer::position (5 bytes)
Event: 0.714 Thread 0x00007fe3f0027000 nmethod 738 0x000000010f704bd0 code [0x000000010f704d20, 0x000000010f704e30]

GC Heap History (0 events):
No events

Deoptimization events (9 events):
Event: 0.319 Thread 0x00007fe3f2001800 Uncommon trap: reason=unstable_if action=reinterpret pc=0x000000010f5e020c method=java.lang.String.replace(CC)Ljava/lang/String; @ 26
Event: 0.356 Thread 0x00007fe3f2001800 Uncommon trap: reason=unstable_if action=reinterpret pc=0x000000010f604fe8 method=java.lang.String.indexOf([CII[CIII)I @ 3
Event: 0.380 Thread 0x00007fe3f2001800 Uncommon trap: reason=unstable_if action=reinterpret pc=0x000000010f5ec960 method=java.lang.String.startsWith(Ljava/lang/String;I)Z @ 25
Event: 0.679 Thread 0x00007fe3f2001800 Uncommon trap: reason=unstable_if action=reinterpret pc=0x000000010f6d51b0 method=java.util.HashMap.getNode(ILjava/lang/Object;)Ljava/util/HashMap$Node; @ 129
Event: 0.680 Thread 0x00007fe3f2001800 Uncommon trap: reason=unstable_if action=reinterpret pc=0x000000010f6dc108 method=java.util.HashMap.getNode(ILjava/lang/Object;)Ljava/util/HashMap$Node; @ 129
Event: 0.687 Thread 0x00007fe3f2001800 Uncommon trap: reason=class_check action=maybe_recompile pc=0x000000010f6efbf4 method=java.io.DataOutputStream.writeByte(I)V @ 5
Event: 0.687 Thread 0x00007fe3f2001800 Uncommon trap: reason=class_check action=maybe_recompile pc=0x000000010f6efbf4 method=java.io.DataOutputStream.writeByte(I)V @ 5
Event: 0.688 Thread 0x00007fe3f2001800 Uncommon trap: reason=class_check action=maybe_recompile pc=0x000000010f6efbf4 method=java.io.DataOutputStream.writeByte(I)V @ 5
Event: 0.688 Thread 0x00007fe3f2001800 Uncommon trap: reason=class_check action=maybe_recompile pc=0x000000010f6efbf4 method=java.io.DataOutputStream.writeByte(I)V @ 5

Internal exceptions (10 events):
Event: 0.327 Thread 0x00007fe3f2001800 Exception <a 'java/security/PrivilegedActionException'> (0x000000076b260e00) thrown at [/Users/java_re/workspace/8-2-build-macosx-x86_64/jdk8u131/8869/hotspot/src/share/vm/prims/jvm.cpp, line 1390]
Event: 0.327 Thread 0x00007fe3f2001800 Exception <a 'java/security/PrivilegedActionException'> (0x000000076b2611f8) thrown at [/Users/java_re/workspace/8-2-build-macosx-x86_64/jdk8u131/8869/hotspot/src/share/vm/prims/jvm.cpp, line 1390]
Event: 0.327 Thread 0x00007fe3f2001800 Exception <a 'java/security/PrivilegedActionException'> (0x000000076b262938) thrown at [/Users/java_re/workspace/8-2-build-macosx-x86_64/jdk8u131/8869/hotspot/src/share/vm/prims/jvm.cpp, line 1390]
Event: 0.327 Thread 0x00007fe3f2001800 Exception <a 'java/security/PrivilegedActionException'> (0x000000076b262d30) thrown at [/Users/java_re/workspace/8-2-build-macosx-x86_64/jdk8u131/8869/hotspot/src/share/vm/prims/jvm.cpp, line 1390]
Event: 0.380 Thread 0x00007fe3f2001800 Exception <a 'java/lang/UnsatisfiedLinkError': dlopen(libX11.dylib, 9): image not found> (0x000000076b8f90a8) thrown at [/Users/java_re/workspace/8-2-build-macosx-x86_64/jdk8u131/8869/hotspot/src/share/vm/prims/jni.cpp, line 735]
Event: 0.380 Thread 0x00007fe3f2001800 Exception <a 'java/lang/UnsatisfiedLinkError': dlopen(libX11.dylib, 9): image not found> (0x000000076b8fa780) thrown at [/Users/java_re/workspace/8-2-build-macosx-x86_64/jdk8u131/8869/hotspot/src/share/vm/prims/jni.cpp, line 735]
Event: 0.380 Thread 0x00007fe3f2001800 Exception <a 'java/lang/UnsatisfiedLinkError'> (0x000000076b8fdcc0) thrown at [/Users/java_re/workspace/8-2-build-macosx-x86_64/jdk8u131/8869/hotspot/src/share/vm/oops/instanceKlass.cpp, line 964]
Event: 0.390 Thread 0x00007fe3f2001800 Exception <a 'java/io/FileNotFoundException'> (0x000000076b910ca8) thrown at [/Users/java_re/workspace/8-2-build-macosx-x86_64/jdk8u131/8869/hotspot/src/share/vm/prims/jni.cpp, line 709]
Event: 0.391 Thread 0x00007fe3f2001800 Exception <a 'java/io/FileNotFoundException'> (0x000000076b911a38) thrown at [/Users/java_re/workspace/8-2-build-macosx-x86_64/jdk8u131/8869/hotspot/src/share/vm/prims/jni.cpp, line 709]
Event: 0.660 Thread 0x00007fe3f2001800 Exception <a 'java/lang/NoClassDefFoundError': Could not initialize class uk.co.caprica.vlcj.binding.LibX11> (0x000000076beb67a8) thrown at [/Users/java_re/workspace/8-2-build-macosx-x86_64/jdk8u131/8869/hotspot/src/share/vm/oops/instanceKlass.cpp, line 8

Events (10 events):
Event: 0.714 loading class com/sun/jna/Function$PostCallRead
Event: 0.715 loading class com/sun/jna/Function$PostCallRead done
Event: 0.715 loading class com/sun/jna/Memory$SharedMemory
Event: 0.715 loading class com/sun/jna/Memory$SharedMemory done
Event: 0.715 loading class com/sun/jna/WeakIdentityHashMap
Event: 0.715 loading class com/sun/jna/WeakIdentityHashMap done
Event: 0.715 loading class com/sun/jna/NativeMappedConverter
Event: 0.715 loading class com/sun/jna/NativeMappedConverter done
Event: 0.716 loading class com/sun/jna/TypeConverter
Event: 0.716 loading class com/sun/jna/TypeConverter done


Dynamic libraries:
0x0000000000a6e000 	/System/Library/Frameworks/Cocoa.framework/Versions/A/Cocoa
0x0000000000a6e000 	/System/Library/Frameworks/Security.framework/Versions/A/Security
0x0000000000a6e000 	/System/Library/Frameworks/ApplicationServices.framework/Versions/A/ApplicationServices
0x0000000000a6e000 	/usr/lib/libz.1.dylib
0x0000000000a6e000 	/usr/lib/libSystem.B.dylib
0x0000000000a6e000 	/usr/lib/libobjc.A.dylib
0x0000000000a6e000 	/System/Library/Frameworks/CoreFoundation.framework/Versions/A/CoreFoundation
0x0000000000a6e000 	/System/Library/Frameworks/Foundation.framework/Versions/C/Foundation
0x0000000000a6e000 	/System/Library/Frameworks/AppKit.framework/Versions/C/AppKit
0x0000000000a6e000 	/System/Library/Frameworks/CoreData.framework/Versions/A/CoreData
0x0000000000a6e000 	/System/Library/PrivateFrameworks/RemoteViewServices.framework/Versions/A/RemoteViewServices
0x0000000000a6e000 	/System/Library/PrivateFrameworks/UIFoundation.framework/Versions/A/UIFoundation
0x0000000000a6e000 	/System/Library/PrivateFrameworks/DFRFoundation.framework/Versions/A/DFRFoundation
0x0000000000a6e000 	/usr/lib/libenergytrace.dylib
0x0000000000a6e000 	/System/Library/PrivateFrameworks/SkyLight.framework/Versions/A/SkyLight
0x0000000000a6e000 	/System/Library/Frameworks/CoreGraphics.framework/Versions/A/CoreGraphics
0x0000000000a6e000 	/usr/lib/libScreenReader.dylib
0x0000000000a6e000 	/System/Library/Frameworks/Accelerate.framework/Versions/A/Accelerate
0x0000000000a6e000 	/System/Library/Frameworks/IOSurface.framework/Versions/A/IOSurface
0x0000000000a6e000 	/System/Library/Frameworks/AudioToolbox.framework/Versions/A/AudioToolbox
0x0000000000a6e000 	/System/Library/Frameworks/AudioUnit.framework/Versions/A/AudioUnit
0x0000000000a6e000 	/System/Library/PrivateFrameworks/DataDetectorsCore.framework/Versions/A/DataDetectorsCore
0x0000000000a6e000 	/System/Library/PrivateFrameworks/DesktopServicesPriv.framework/Versions/A/DesktopServicesPriv
0x0000000000a6e000 	/System/Library/Frameworks/Carbon.framework/Versions/A/Frameworks/HIToolbox.framework/Versions/A/HIToolbox
0x0000000000a6e000 	/usr/lib/libicucore.A.dylib
0x0000000000a6e000 	/System/Library/Frameworks/QuartzCore.framework/Versions/A/QuartzCore
0x0000000000a6e000 	/System/Library/Frameworks/Carbon.framework/Versions/A/Frameworks/SpeechRecognition.framework/Versions/A/SpeechRecognition
0x0000000000a6e000 	/usr/lib/libauto.dylib
0x0000000000a6e000 	/usr/lib/libxml2.2.dylib
0x0000000000a6e000 	/System/Library/PrivateFrameworks/CoreUI.framework/Versions/A/CoreUI
0x0000000000a6e000 	/System/Library/Frameworks/CoreAudio.framework/Versions/A/CoreAudio
0x0000000000a6e000 	/System/Library/Frameworks/DiskArbitration.framework/Versions/A/DiskArbitration
0x0000000000a6e000 	/usr/lib/liblangid.dylib
0x0000000000a6e000 	/System/Library/PrivateFrameworks/MultitouchSupport.framework/Versions/A/MultitouchSupport
0x0000000000a6e000 	/System/Library/Frameworks/IOKit.framework/Versions/A/IOKit
0x0000000000a6e000 	/usr/lib/libDiagnosticMessagesClient.dylib
0x0000000000a6e000 	/System/Library/Frameworks/CoreServices.framework/Versions/A/CoreServices
0x0000000000a6e000 	/System/Library/PrivateFrameworks/PerformanceAnalysis.framework/Versions/A/PerformanceAnalysis
0x0000000000a6e000 	/System/Library/PrivateFrameworks/GenerationalStorage.framework/Versions/A/GenerationalStorage
0x0000000000a6e000 	/System/Library/Frameworks/OpenGL.framework/Versions/A/OpenGL
0x0000000000a6e000 	/System/Library/Frameworks/CoreImage.framework/Versions/A/CoreImage
0x0000000000a6e000 	/System/Library/Frameworks/CoreText.framework/Versions/A/CoreText
0x0000000000a6e000 	/System/Library/Frameworks/ImageIO.framework/Versions/A/ImageIO
0x0000000000a6e000 	/System/Library/PrivateFrameworks/Backup.framework/Versions/A/Backup
0x0000000000a6e000 	/usr/lib/libarchive.2.dylib
0x0000000000a6e000 	/System/Library/Frameworks/CFNetwork.framework/Versions/A/CFNetwork
0x0000000000a6e000 	/System/Library/Frameworks/SystemConfiguration.framework/Versions/A/SystemConfiguration
0x0000000000a6e000 	/usr/lib/libCRFSuite.dylib
0x0000000000a6e000 	/usr/lib/libc++.1.dylib
0x0000000000a6e000 	/usr/lib/libc++abi.dylib
0x0000000000a6e000 	/usr/lib/system/libcache.dylib
0x0000000000a6e000 	/usr/lib/system/libcommonCrypto.dylib
0x0000000000a6e000 	/usr/lib/system/libcompiler_rt.dylib
0x0000000000a6e000 	/usr/lib/system/libcopyfile.dylib
0x0000000000a6e000 	/usr/lib/system/libcorecrypto.dylib
0x0000000000a6e000 	/usr/lib/system/libdispatch.dylib
0x0000000000a6e000 	/usr/lib/system/libdyld.dylib
0x0000000000a6e000 	/usr/lib/system/libkeymgr.dylib
0x0000000000a6e000 	/usr/lib/system/liblaunch.dylib
0x0000000000a6e000 	/usr/lib/system/libmacho.dylib
0x0000000000a6e000 	/usr/lib/system/libquarantine.dylib
0x0000000000a6e000 	/usr/lib/system/libremovefile.dylib
0x0000000000a6e000 	/usr/lib/system/libsystem_asl.dylib
0x0000000000a6e000 	/usr/lib/system/libsystem_blocks.dylib
0x0000000000a6e000 	/usr/lib/system/libsystem_c.dylib
0x0000000000a6e000 	/usr/lib/system/libsystem_configuration.dylib
0x0000000000a6e000 	/usr/lib/system/libsystem_coreservices.dylib
0x0000000000a6e000 	/usr/lib/system/libsystem_coretls.dylib
0x0000000000a6e000 	/usr/lib/system/libsystem_dnssd.dylib
0x0000000000a6e000 	/usr/lib/system/libsystem_info.dylib
0x0000000000a6e000 	/usr/lib/system/libsystem_kernel.dylib
0x0000000000a6e000 	/usr/lib/system/libsystem_m.dylib
0x0000000000a6e000 	/usr/lib/system/libsystem_malloc.dylib
0x0000000000a6e000 	/usr/lib/system/libsystem_network.dylib
0x0000000000a6e000 	/usr/lib/system/libsystem_networkextension.dylib
0x0000000000a6e000 	/usr/lib/system/libsystem_notify.dylib
0x0000000000a6e000 	/usr/lib/system/libsystem_platform.dylib
0x0000000000a6e000 	/usr/lib/system/libsystem_pthread.dylib
0x0000000000a6e000 	/usr/lib/system/libsystem_sandbox.dylib
0x0000000000a6e000 	/usr/lib/system/libsystem_secinit.dylib
0x0000000000a6e000 	/usr/lib/system/libsystem_symptoms.dylib
0x0000000000a6e000 	/usr/lib/system/libsystem_trace.dylib
0x0000000000a6e000 	/usr/lib/system/libunwind.dylib
0x0000000000a6e000 	/usr/lib/system/libxpc.dylib
0x0000000000a6e000 	/usr/lib/libbsm.0.dylib
0x0000000000a6e000 	/usr/lib/system/libkxld.dylib
0x0000000000a6e000 	/usr/lib/libcoretls.dylib
0x0000000000a6e000 	/usr/lib/libcoretls_cfhelpers.dylib
0x0000000000a6e000 	/usr/lib/libxar.1.dylib
0x0000000000a6e000 	/usr/lib/libsqlite3.dylib
0x0000000000a6e000 	/usr/lib/libpam.2.dylib
0x0000000000a6e000 	/usr/lib/libOpenScriptingUtil.dylib
0x0000000000a6e000 	/usr/lib/libbz2.1.0.dylib
0x0000000000a6e000 	/usr/lib/liblzma.5.dylib
0x0000000000a6e000 	/usr/lib/libnetwork.dylib
0x0000000000a6e000 	/usr/lib/libpcap.A.dylib
0x0000000000a6e000 	/System/Library/Frameworks/CoreServices.framework/Versions/A/Frameworks/FSEvents.framework/Versions/A/FSEvents
0x0000000000a6e000 	/System/Library/Frameworks/CoreServices.framework/Versions/A/Frameworks/CarbonCore.framework/Versions/A/CarbonCore
0x0000000000a6e000 	/System/Library/Frameworks/CoreServices.framework/Versions/A/Frameworks/Metadata.framework/Versions/A/Metadata
0x0000000000a6e000 	/System/Library/Frameworks/CoreServices.framework/Versions/A/Frameworks/OSServices.framework/Versions/A/OSServices
0x0000000000a6e000 	/System/Library/Frameworks/CoreServices.framework/Versions/A/Frameworks/SearchKit.framework/Versions/A/SearchKit
0x0000000000a6e000 	/System/Library/Frameworks/CoreServices.framework/Versions/A/Frameworks/AE.framework/Versions/A/AE
0x0000000000a6e000 	/System/Library/Frameworks/CoreServices.framework/Versions/A/Frameworks/LaunchServices.framework/Versions/A/LaunchServices
0x0000000000a6e000 	/System/Library/Frameworks/CoreServices.framework/Versions/A/Frameworks/DictionaryServices.framework/Versions/A/DictionaryServices
0x0000000000a6e000 	/System/Library/Frameworks/CoreServices.framework/Versions/A/Frameworks/SharedFileList.framework/Versions/A/SharedFileList
0x0000000000a6e000 	/System/Library/Frameworks/NetFS.framework/Versions/A/NetFS
0x0000000000a6e000 	/System/Library/PrivateFrameworks/NetAuth.framework/Versions/A/NetAuth
0x0000000000a6e000 	/System/Library/PrivateFrameworks/login.framework/Versions/A/Frameworks/loginsupport.framework/Versions/A/loginsupport
0x0000000000a6e000 	/System/Library/PrivateFrameworks/TCC.framework/Versions/A/TCC
0x0000000000a6e000 	/usr/lib/libmecabra.dylib
0x0000000000a6e000 	/System/Library/Frameworks/ApplicationServices.framework/Versions/A/Frameworks/ATS.framework/Versions/A/ATS
0x0000000000a6e000 	/System/Library/Frameworks/ApplicationServices.framework/Versions/A/Frameworks/ColorSync.framework/Versions/A/ColorSync
0x0000000000a6e000 	/System/Library/Frameworks/ApplicationServices.framework/Versions/A/Frameworks/HIServices.framework/Versions/A/HIServices
0x0000000000a6e000 	/System/Library/Frameworks/ApplicationServices.framework/Versions/A/Frameworks/LangAnalysis.framework/Versions/A/LangAnalysis
0x0000000000a6e000 	/System/Library/Frameworks/ApplicationServices.framework/Versions/A/Frameworks/PrintCore.framework/Versions/A/PrintCore
0x0000000000a6e000 	/System/Library/Frameworks/ApplicationServices.framework/Versions/A/Frameworks/QD.framework/Versions/A/QD
0x0000000000a6e000 	/System/Library/Frameworks/ApplicationServices.framework/Versions/A/Frameworks/SpeechSynthesis.framework/Versions/A/SpeechSynthesis
0x0000000000a6e000 	/System/Library/Frameworks/Accelerate.framework/Versions/A/Frameworks/vImage.framework/Versions/A/vImage
0x0000000000a6e000 	/System/Library/Frameworks/Accelerate.framework/Versions/A/Frameworks/vecLib.framework/Versions/A/vecLib
0x0000000000a6e000 	/System/Library/Frameworks/Accelerate.framework/Versions/A/Frameworks/vecLib.framework/Versions/A/libvDSP.dylib
0x0000000000a6e000 	/System/Library/Frameworks/Accelerate.framework/Versions/A/Frameworks/vecLib.framework/Versions/A/libBNNS.dylib
0x0000000000a6e000 	/System/Library/Frameworks/Accelerate.framework/Versions/A/Frameworks/vecLib.framework/Versions/A/libQuadrature.dylib
0x0000000000a6e000 	/System/Library/Frameworks/Accelerate.framework/Versions/A/Frameworks/vecLib.framework/Versions/A/libvMisc.dylib
0x0000000000a6e000 	/System/Library/Frameworks/Accelerate.framework/Versions/A/Frameworks/vecLib.framework/Versions/A/libLAPACK.dylib
0x0000000000a6e000 	/System/Library/Frameworks/Accelerate.framework/Versions/A/Frameworks/vecLib.framework/Versions/A/libBLAS.dylib
0x0000000000a6e000 	/System/Library/Frameworks/Accelerate.framework/Versions/A/Frameworks/vecLib.framework/Versions/A/libLinearAlgebra.dylib
0x0000000000a6e000 	/System/Library/Frameworks/Accelerate.framework/Versions/A/Frameworks/vecLib.framework/Versions/A/libSparseBLAS.dylib
0x0000000000a6e000 	/System/Library/Frameworks/ApplicationServices.framework/Versions/A/Frameworks/ATS.framework/Versions/A/Resources/libFontParser.dylib
0x0000000000a6e000 	/System/Library/Frameworks/ApplicationServices.framework/Versions/A/Frameworks/ATS.framework/Versions/A/Resources/libFontRegistry.dylib
0x0000000000a6e000 	/System/Library/Frameworks/ImageIO.framework/Versions/A/Resources/libJPEG.dylib
0x0000000000a6e000 	/System/Library/Frameworks/ImageIO.framework/Versions/A/Resources/libTIFF.dylib
0x0000000000a6e000 	/System/Library/Frameworks/ImageIO.framework/Versions/A/Resources/libPng.dylib
0x0000000000a6e000 	/System/Library/Frameworks/ImageIO.framework/Versions/A/Resources/libGIF.dylib
0x0000000000a6e000 	/System/Library/Frameworks/ImageIO.framework/Versions/A/Resources/libJP2.dylib
0x0000000000a6e000 	/System/Library/Frameworks/ImageIO.framework/Versions/A/Resources/libRadiance.dylib
0x0000000000a6e000 	/usr/lib/libcompression.dylib
0x0000000000a6e000 	/System/Library/PrivateFrameworks/AppleJPEG.framework/Versions/A/AppleJPEG
0x0000000000a6e000 	/usr/lib/libcups.2.dylib
0x0000000000a6e000 	/System/Library/Frameworks/Kerberos.framework/Versions/A/Kerberos
0x0000000000a6e000 	/System/Library/Frameworks/GSS.framework/Versions/A/GSS
0x0000000000a6e000 	/usr/lib/libresolv.9.dylib
0x0000000000a6e000 	/usr/lib/libiconv.2.dylib
0x0000000000a6e000 	/System/Library/PrivateFrameworks/Heimdal.framework/Versions/A/Heimdal
0x0000000000a6e000 	/usr/lib/libheimdal-asn1.dylib
0x0000000000a6e000 	/System/Library/Frameworks/OpenDirectory.framework/Versions/A/OpenDirectory
0x0000000000a6e000 	/System/Library/PrivateFrameworks/CommonAuth.framework/Versions/A/CommonAuth
0x0000000000a6e000 	/System/Library/Frameworks/OpenDirectory.framework/Versions/A/Frameworks/CFOpenDirectory.framework/Versions/A/CFOpenDirectory
0x0000000000a6e000 	/System/Library/Frameworks/SecurityFoundation.framework/Versions/A/SecurityFoundation
0x0000000000a6e000 	/System/Library/PrivateFrameworks/LanguageModeling.framework/Versions/A/LanguageModeling
0x0000000000a6e000 	/usr/lib/libmarisa.dylib
0x0000000000a6e000 	/usr/lib/libChineseTokenizer.dylib
0x0000000000a6e000 	/usr/lib/libcmph.dylib
0x0000000000a6e000 	/System/Library/PrivateFrameworks/CoreEmoji.framework/Versions/A/CoreEmoji
0x0000000000a6e000 	/System/Library/Frameworks/ServiceManagement.framework/Versions/A/ServiceManagement
0x0000000000a6e000 	/usr/lib/libxslt.1.dylib
0x0000000000a6e000 	/System/Library/Frameworks/Carbon.framework/Versions/A/Frameworks/Ink.framework/Versions/A/Ink
0x0000000000a6e000 	/System/Library/PrivateFrameworks/TextureIO.framework/Versions/A/TextureIO
0x0000000000a6e000 	/System/Library/Frameworks/Metal.framework/Versions/A/Metal
0x0000000000a6e000 	/usr/lib/libate.dylib
0x0000000000a6e000 	/System/Library/PrivateFrameworks/GPUCompiler.framework/libmetal_timestamp.dylib
0x0000000000a6e000 	/System/Library/Frameworks/OpenGL.framework/Versions/A/Libraries/libCoreFSCache.dylib
0x0000000000a6e000 	/System/Library/PrivateFrameworks/IOAccelerator.framework/Versions/A/IOAccelerator
0x0000000000a6e000 	/System/Library/Frameworks/CoreVideo.framework/Versions/A/CoreVideo
0x0000000000a6e000 	/usr/lib/libFosl_dynamic.dylib
0x0000000000a6e000 	/System/Library/PrivateFrameworks/MetalPerformanceShaders.framework/Versions/A/MetalPerformanceShaders
0x0000000000a6e000 	/System/Library/PrivateFrameworks/FaceCore.framework/Versions/A/FaceCore
0x0000000000a6e000 	/System/Library/Frameworks/OpenCL.framework/Versions/A/OpenCL
0x0000000000a6e000 	/System/Library/Frameworks/OpenGL.framework/Versions/A/Libraries/libGLU.dylib
0x0000000000a6e000 	/System/Library/Frameworks/OpenGL.framework/Versions/A/Libraries/libGFXShared.dylib
0x0000000000a6e000 	/System/Library/Frameworks/OpenGL.framework/Versions/A/Libraries/libGL.dylib
0x0000000000a6e000 	/System/Library/Frameworks/OpenGL.framework/Versions/A/Libraries/libGLImage.dylib
0x0000000000a6e000 	/System/Library/Frameworks/OpenGL.framework/Versions/A/Libraries/libCVMSPluginSupport.dylib
0x0000000000a6e000 	/System/Library/Frameworks/OpenGL.framework/Versions/A/Libraries/libCoreVMClient.dylib
0x0000000000a6e000 	/System/Library/PrivateFrameworks/CrashReporterSupport.framework/Versions/A/CrashReporterSupport
0x0000000000a6e000 	/System/Library/PrivateFrameworks/Sharing.framework/Versions/A/Sharing
0x0000000000a6e000 	/System/Library/PrivateFrameworks/IconServices.framework/Versions/A/IconServices
0x0000000000a6e000 	/System/Library/PrivateFrameworks/ProtocolBuffer.framework/Versions/A/ProtocolBuffer
0x0000000000a6e000 	/System/Library/PrivateFrameworks/Apple80211.framework/Versions/A/Apple80211
0x0000000000a6e000 	/System/Library/Frameworks/CoreWLAN.framework/Versions/A/CoreWLAN
0x0000000000a6e000 	/System/Library/PrivateFrameworks/CoreUtils.framework/Versions/A/CoreUtils
0x0000000000a6e000 	/System/Library/Frameworks/IOBluetooth.framework/Versions/A/IOBluetooth
0x0000000000a6e000 	/System/Library/PrivateFrameworks/CoreWiFi.framework/Versions/A/CoreWiFi
0x0000000000a6e000 	/System/Library/Frameworks/CoreBluetooth.framework/Versions/A/CoreBluetooth
0x0000000000a6e000 	/System/Library/Frameworks/CoreDisplay.framework/Versions/A/CoreDisplay
0x0000000000a6e000 	/System/Library/PrivateFrameworks/IOPresentment.framework/Versions/A/IOPresentment
0x0000000000a6e000 	/System/Library/PrivateFrameworks/DebugSymbols.framework/Versions/A/DebugSymbols
0x0000000000a6e000 	/System/Library/PrivateFrameworks/CoreSymbolication.framework/Versions/A/CoreSymbolication
0x0000000000a6e000 	/System/Library/PrivateFrameworks/Symbolication.framework/Versions/A/Symbolication
0x0000000000a6e000 	/System/Library/PrivateFrameworks/AppleFSCompression.framework/Versions/A/AppleFSCompression
0x0000000000a6e000 	/System/Library/PrivateFrameworks/SpeechRecognitionCore.framework/Versions/A/SpeechRecognitionCore
0x0000000000a6e000 	/System/Library/PrivateFrameworks/ChunkingLibrary.framework/Versions/A/ChunkingLibrary
0x0000000107200000 	/Library/Java/JavaVirtualMachines/jdk1.8.0_131.jdk/Contents/Home/jre/lib/server/libjvm.dylib
0x0000000000a6e000 	/usr/lib/libstdc++.6.dylib
0x00000001061bb000 	/Library/Java/JavaVirtualMachines/jdk1.8.0_131.jdk/Contents/Home/jre/lib/libverify.dylib
0x00000001061c9000 	/Library/Java/JavaVirtualMachines/jdk1.8.0_131.jdk/Contents/Home/jre/lib/libjava.dylib
0x00000001081ab000 	/Library/Java/JavaVirtualMachines/jdk1.8.0_131.jdk/Contents/Home/jre/lib/libzip.dylib
0x000000010c242000 	/System/Library/Frameworks/JavaVM.framework/Frameworks/JavaRuntimeSupport.framework/JavaRuntimeSupport
0x000000010c25c000 	/System/Library/Frameworks/JavaVM.framework/Versions/A/Frameworks/JavaNativeFoundation.framework/Versions/A/JavaNativeFoundation
0x000000010c271000 	/System/Library/Frameworks/JavaVM.framework/Versions/A/JavaVM
0x0000000000a6e000 	/System/Library/Frameworks/Carbon.framework/Versions/A/Carbon
0x000000010c27e000 	/System/Library/PrivateFrameworks/JavaLaunching.framework/Versions/A/JavaLaunching
0x0000000000a6e000 	/System/Library/Frameworks/Carbon.framework/Versions/A/Frameworks/CommonPanels.framework/Versions/A/CommonPanels
0x0000000000a6e000 	/System/Library/Frameworks/Carbon.framework/Versions/A/Frameworks/Help.framework/Versions/A/Help
0x0000000000a6e000 	/System/Library/Frameworks/Carbon.framework/Versions/A/Frameworks/ImageCapture.framework/Versions/A/ImageCapture
0x0000000000a6e000 	/System/Library/Frameworks/Carbon.framework/Versions/A/Frameworks/OpenScripting.framework/Versions/A/OpenScripting
0x0000000000a6e000 	/System/Library/Frameworks/Carbon.framework/Versions/A/Frameworks/Print.framework/Versions/A/Print
0x0000000000a6e000 	/System/Library/Frameworks/Carbon.framework/Versions/A/Frameworks/SecurityHI.framework/Versions/A/SecurityHI
0x000000010dc25000 	/Library/Java/JavaVirtualMachines/jdk1.8.0_131.jdk/Contents/Home/jre/lib/libprism_es2.dylib
0x0000000000a6e000 	/System/Library/Frameworks/OpenGL.framework/Versions/A/Resources/GLEngine.bundle/GLEngine
0x0000000000a6e000 	/System/Library/Frameworks/OpenGL.framework/Versions/A/Libraries/libGLProgrammability.dylib
0x000000010dc8b000 	/System/Library/Extensions/AppleIntelHD5000GraphicsGLDriver.bundle/Contents/MacOS/AppleIntelHD5000GraphicsGLDriver
0x0000000000a6e000 	/System/Library/PrivateFrameworks/GPUSupport.framework/Versions/A/Libraries/libGPUSupportMercury.dylib
0x000000010e3ef000 	/System/Library/Extensions/AMDRadeonX4000GLDriver.bundle/Contents/MacOS/AMDRadeonX4000GLDriver
0x000000010e4cd000 	/System/Library/Extensions/AMDRadeonX4000GLDriver.bundle/Contents/MacOS/ATIRadeonX4000SCLib.dylib
0x0000000000a6e000 	/System/Library/Frameworks/OpenGL.framework/Versions/A/Resources/GLRendererFloat.bundle/GLRendererFloat
0x0000000000a6e000 	/System/Library/Frameworks/OpenCL.framework/Versions/A/Libraries/libcldcpuengine.dylib
0x0000000000a6e000 	/usr/lib/libcrypto.0.9.8.dylib
0x0000000000a6e000 	/System/Library/PrivateFrameworks/TrustEvaluationAgent.framework/Versions/A/TrustEvaluationAgent
0x000000010eab5000 	/Library/Java/JavaVirtualMachines/jdk1.8.0_131.jdk/Contents/Home/jre/lib/libglass.dylib
0x0000000000a6e000 	/System/Library/PrivateFrameworks/CoreServicesInternal.framework/Versions/A/CoreServicesInternal
0x0000000000a6e000 	/System/Library/CoreServices/RawCamera.bundle/Contents/MacOS/RawCamera
0x0000000000a6e000 	/System/Library/Frameworks/Accelerate.framework/Versions/A/Frameworks/vImage.framework/Versions/A/Libraries/libCGInterfaces.dylib
0x0000000000a6e000 	/System/Library/PrivateFrameworks/FamilyControls.framework/Versions/A/FamilyControls
0x0000000000a6e000 	/System/Library/PrivateFrameworks/CommerceKit.framework/Versions/A/Frameworks/CommerceCore.framework/Versions/A/CommerceCore
0x0000000000a6e000 	/System/Library/PrivateFrameworks/SystemAdministration.framework/Versions/A/SystemAdministration
0x0000000000a6e000 	/System/Library/PrivateFrameworks/AppContainer.framework/Versions/A/AppContainer
0x0000000000a6e000 	/System/Library/PrivateFrameworks/SecCodeWrapper.framework/Versions/A/SecCodeWrapper
0x0000000000a6e000 	/System/Library/Frameworks/DirectoryService.framework/Versions/A/DirectoryService
0x0000000000a6e000 	/System/Library/PrivateFrameworks/DiskImages.framework/Versions/A/DiskImages
0x0000000000a6e000 	/System/Library/PrivateFrameworks/LoginUIKit.framework/Versions/A/Frameworks/LoginUICore.framework/Versions/A/LoginUICore
0x0000000000a6e000 	/usr/lib/libCoreStorage.dylib
0x0000000000a6e000 	/usr/lib/libcsfde.dylib
0x0000000000a6e000 	/usr/lib/libodfde.dylib
0x0000000000a6e000 	/System/Library/Frameworks/DiscRecording.framework/Versions/A/DiscRecording
0x0000000000a6e000 	/usr/lib/libcurl.4.dylib
0x0000000000a6e000 	/System/Library/PrivateFrameworks/MediaKit.framework/Versions/A/MediaKit
0x0000000000a6e000 	/System/Library/PrivateFrameworks/ProtectedCloudStorage.framework/Versions/A/ProtectedCloudStorage
0x0000000000a6e000 	/System/Library/PrivateFrameworks/EFILogin.framework/Versions/A/EFILogin
0x0000000000a6e000 	/usr/lib/libutil.dylib
0x0000000000a6e000 	/System/Library/Frameworks/LDAP.framework/Versions/A/LDAP
0x0000000000a6e000 	/usr/lib/libsasl2.2.dylib
0x0000000000a6e000 	/System/Library/PrivateFrameworks/CoreDaemon.framework/Versions/B/CoreDaemon
0x0000000000a6e000 	/System/Library/PrivateFrameworks/AppleSRP.framework/Versions/A/AppleSRP
0x0000000000a6e000 	/System/Library/PrivateFrameworks/APFS.framework/Versions/A/APFS
0x000000010ec20000 	/private/var/folders/cv/s247hjfn3cd9lhm1fxzdgz840000gn/T/jna-1105816276/jna2228144417473618296.tmp
0x000000010f304000 	/Library/Java/JavaVirtualMachines/jdk1.8.0_131.jdk/Contents/Home/jre/lib/libawt.dylib
0x0000000128c9c000 	/Library/Java/JavaVirtualMachines/jdk1.8.0_131.jdk/Contents/Home/jre/lib/./libmlib_image.dylib
0x0000000128d68000 	/Library/Java/JavaVirtualMachines/jdk1.8.0_131.jdk/Contents/Home/jre/lib/libawt_lwawt.dylib
0x000000010ee8c000 	/Library/Java/JavaVirtualMachines/jdk1.8.0_131.jdk/Contents/Home/jre/lib/./libosxapp.dylib
0x0000000000a6e000 	/System/Library/Frameworks/ExceptionHandling.framework/Versions/A/ExceptionHandling
0x0000000000a6e000 	/System/Library/Frameworks/ApplicationServices.framework/Versions/A/Frameworks/ATS.framework/Versions/A/Resources/libTrueTypeScaler.dylib
0x0000000000a6e000 	/System/Library/Extensions/AMDMTLBronzeDriver.bundle/Contents/MacOS/AMDMTLBronzeDriver
0x0000000000a6e000 	/System/Library/PrivateFrameworks/IOAccelMemoryInfo.framework/Versions/A/IOAccelMemoryInfo
0x0000000129e64000 	/System/Library/Extensions/AppleIntelHD5000GraphicsMTLDriver.bundle/Contents/MacOS/AppleIntelHD5000GraphicsMTLDriver
0x000000012a3df000 	/Library/Java/JavaVirtualMachines/jdk1.8.0_131.jdk/Contents/Home/jre/lib/libfontmanager.dylib
0x0000000129a05000 	/Library/Java/JavaVirtualMachines/jdk1.8.0_131.jdk/Contents/Home/jre/lib/libosxui.dylib
0x0000000000a6e000 	/System/Library/PrivateFrameworks/ViewBridge.framework/Versions/A/ViewBridge
0x0000000000a6e000 	/System/Library/PrivateFrameworks/XPCService.framework/Versions/A/XPCService
0x0000000000a6e000 	/System/Library/PrivateFrameworks/AppSandbox.framework/Versions/A/AppSandbox
0x0000000000a6e000 	/usr/lib/libsandbox.1.dylib
0x0000000000a6e000 	/usr/lib/libMatch.1.dylib
0x000000012ddf2000 	/Library/Java/JavaVirtualMachines/jdk1.8.0_131.jdk/Contents/Home/jre/lib/libdcpr.dylib
0x000000012de20000 	/Applications/VLC.app/Contents/MacOS/lib/libvlc.dylib
0x000000012de3f000 	/Applications/VLC.app/Contents/MacOS/lib/libvlccore.8.dylib

VM Arguments:
jvm_args: -Dfile.encoding=UTF-8 
java_command: /Users/julienathomas/NetBeansProjects/JavaFXApplication1/dist/run842601548/JavaFXApplication1.jar --VLC_PLUGIN_PATH=/Applications/VLC.app/Contents/MacOS/plugins
java_class_path (initial): /Users/julienathomas/NetBeansProjects/JavaFXApplication1/dist/run842601548/JavaFXApplication1.jar
Launcher Type: SUN_STANDARD

Environment Variables:
PATH=/usr/bin:/bin:/usr/sbin:/sbin
LD_LIBRARY_PATH=/Library/Java/JavaVirtualMachines/jdk1.8.0_131.jdk/Contents/Home/jre/lib/amd64:/Library/Java/JavaVirtualMachines/jdk1.8.0_131.jdk/Contents/Home/jre/lib/i386:
SHELL=/bin/zsh
DISPLAY=/private/tmp/com.apple.launchd.b1U7Fj3Y5y/org.macosforge.xquartz:0

Signal Handlers:
SIGSEGV: [libjvm.dylib+0x5b1eb1], sa_mask[0]=11111111011111110111111111111111, sa_flags=SA_ONSTACK|SA_RESTART|SA_SIGINFO
SIGBUS: [libjvm.dylib+0x5b1eb1], sa_mask[0]=11111111011111110111111111111111, sa_flags=SA_RESTART|SA_SIGINFO
SIGFPE: [libjvm.dylib+0x488988], sa_mask[0]=11111111011111110111111111111111, sa_flags=SA_RESTART|SA_SIGINFO
SIGPIPE: [libjvm.dylib+0x488988], sa_mask[0]=11111111011111110111111111111111, sa_flags=SA_RESTART|SA_SIGINFO
SIGXFSZ: [libjvm.dylib+0x488988], sa_mask[0]=11111111011111110111111111111111, sa_flags=SA_RESTART|SA_SIGINFO
SIGILL: [libjvm.dylib+0x488988], sa_mask[0]=11111111011111110111111111111111, sa_flags=SA_RESTART|SA_SIGINFO
SIGUSR1: SIG_DFL, sa_mask[0]=00000000000000000000000000000000, sa_flags=none
SIGUSR2: [libjvm.dylib+0x4884a6], sa_mask[0]=00100000000000000000000000000000, sa_flags=SA_RESTART|SA_SIGINFO
SIGHUP: [libjvm.dylib+0x486a7d], sa_mask[0]=11111111011111110111111111111111, sa_flags=SA_RESTART|SA_SIGINFO
SIGINT: SIG_IGN, sa_mask[0]=00000000000000000000000000000000, sa_flags=none
SIGTERM: [libjvm.dylib+0x486a7d], sa_mask[0]=11111111011111110111111111111111, sa_flags=SA_RESTART|SA_SIGINFO
SIGQUIT: [libjvm.dylib+0x486a7d], sa_mask[0]=11111111011111110111111111111111, sa_flags=SA_RESTART|SA_SIGINFO


---------------  S Y S T E M  ---------------

OS:Bsduname:Darwin 16.4.0 Darwin Kernel Version 16.4.0: Thu Dec 22 22:53:21 PST 2016; root:xnu-3789.41.3~3/RELEASE_X86_64 x86_64
rlimit: STACK 8192k, CORE 0k, NPROC 709, NOFILE 10240, AS infinity
load average:1.71 1.93 2.21

CPU:total 8 (initial active 8) (4 cores per cpu, 2 threads per core) family 6 model 70 stepping 1, cmov, cx8, fxsr, mmx, sse, sse2, sse3, ssse3, sse4.1, sse4.2, popcnt, avx, avx2, aes, clmul, erms, lzcnt, ht, tsc, tscinvbit, bmi1, bmi2

Memory: 4k page, physical 16777216k(1825112k free)

/proc/meminfo:


vm_info: Java HotSpot(TM) 64-Bit Server VM (25.131-b11) for bsd-amd64 JRE (1.8.0_131-b11), built on Mar 15 2017 01:32:22 by "java_re" with gcc 4.2.1 (Based on Apple Inc. build 5658) (LLVM build 2336.11.00)

time: Sat Jul  8 20:40:49 2017
elapsed time: 0 seconds (0d 0h 0m 0s)

